<?xml version="1.0" encoding="UTF-8"?>
<testng-results skipped="0" failed="0" total="1" passed="1">
  <reporter-output>
  </reporter-output>
  <suite name="Default suite" duration-ms="10061" started-at="2019-05-26T20:00:54Z" finished-at="2019-05-26T20:01:04Z">
    <groups>
    </groups>
    <test name="Default test" duration-ms="10061" started-at="2019-05-26T20:00:54Z" finished-at="2019-05-26T20:01:04Z">
      <class name="seleniumBasic.Class1Basics">
        <test-method status="PASS" signature="setup()[pri:0, instance:seleniumBasic.Class1Basics@36d4b5c]" name="setup" duration-ms="10045" started-at="2019-05-26T16:00:54Z" finished-at="2019-05-26T16:01:04Z">
          <reporter-output>
          </reporter-output>
        </test-method> <!-- setup -->
      </class> <!-- seleniumBasic.Class1Basics -->
    </test> <!-- Default test -->
  </suite> <!-- Default suite -->
</testng-results>
